WARNING: you've specified sliding window mean quality requirement (-M/--cut_mean_quality), but you haven't enabled per read cutting by quality for 5'(-5/--cut_by_quality5) or 3' (-3/--cut_by_quality3), so quality cutting is ignored 

Read1 before filtering:
total reads: 499998
total bases: 62999748
Q20 bases: 60537894(96.0923%)
Q30 bases: 58132037(92.2734%)

Read1 after filtering:
total reads: 498004
total bases: 62748504
Q20 bases: 60305573(96.1068%)
Q30 bases: 57912464(92.293%)

Read2 before filtering:
total reads: 499998
total bases: 62999748
Q20 bases: 59693087(94.7513%)
Q30 bases: 56795916(90.1526%)

Read2 aftering filtering:
total reads: 498004
total bases: 62748504
Q20 bases: 59549604(94.902%)
Q30 bases: 56698058(90.3576%)

Filtering result:
reads passed filter: 996008
reads failed due to low quality: 3988
reads failed due to too many N: 0
reads failed due to too short: 0

Duplication rate: 0.00483735%

Insert size peak (evaluated by paired-end reads): 56

JSON report: simulation.fastp.json
HTML report: simulation.fastp.html

fastp --in1 ../simulation/simulation_1.fq.gz --in2 ../simulation/simulation_2.fq.gz --out1 simulation.trimmed.fastp.1.fq.gz --out2 simulation.trimmed.fastp.2.fq.gz --compression 6 --disable_adapter_trimming --cut_mean_quality 20 --length_required 51 --html simulation.fastp.html --json simulation.fastp.json 
fastp v0.19.4, time used: 32 seconds
